<?xml version="1.0" encoding="UTF-8" ?>
<testsuite tests="11" failures="0" name="it.vinicioflamini.sharedlib.couchdb.test.ektorp.EktorpCrudRepositoryTest" time="4.739" errors="0" skipped="0">
  <properties>
    <property name="java.runtime.name" value="Java(TM) SE Runtime Environment"/>
    <property name="java.vm.version" value="11.0.10+8-LTS-162"/>
    <property name="sun.boot.library.path" value="C:\Program Files\Java\jdk-11.0.10\bin"/>
    <property name="maven.multiModuleProjectDirectory" value="E:/Workspaces/PersonalWorkspace/couchdb-library"/>
    <property name="java.vm.vendor" value="Oracle Corporation"/>
    <property name="java.vendor.url" value="https://openjdk.java.net/"/>
    <property name="guice.disable.misplaced.annotation.check" value="true"/>
    <property name="path.separator" value=";"/>
    <property name="java.vm.name" value="Java HotSpot(TM) 64-Bit Server VM"/>
    <property name="sun.os.patch.level" value=""/>
    <property name="user.script" value=""/>
    <property name="user.country" value="IT"/>
    <property name="sun.java.launcher" value="SUN_STANDARD"/>
    <property name="java.vm.specification.name" value="Java Virtual Machine Specification"/>
    <property name="user.dir" value="E:\Workspaces\PersonalWorkspace\couchdb-library"/>
    <property name="java.vm.compressedOopsMode" value="Zero based"/>
    <property name="java.runtime.version" value="11.0.10+8-LTS-162"/>
    <property name="java.awt.graphicsenv" value="sun.awt.Win32GraphicsEnvironment"/>
    <property name="os.arch" value="amd64"/>
    <property name="java.io.tmpdir" value="C:\Users\vf\AppData\Local\Temp\"/>
    <property name="line.separator" value="
"/>
    <property name="java.vm.specification.vendor" value="Oracle Corporation"/>
    <property name="user.variant" value=""/>
    <property name="os.name" value="Windows 10"/>
    <property name="classworlds.conf" value="C:/Users/vf/apache-maven-3.6.0/bin/m2.conf"/>
    <property name="sun.jnu.encoding" value="Cp1252"/>
    <property name="java.library.path" value="C:\Program Files\Java\jdk-11.0.10\bin;C:\Windows\Sun\Java\bin;C:\Windows\system32;C:\Windows;C:\Users\vf\bin;C:\Program Files\Git\mingw64\bin;C:\Program Files\Git\usr\local\bin;C:\Program Files\Git\usr\bin;C:\Program Files\Git\usr\bin;C:\Program Files\Git\mingw64\bin;C:\Program Files\Git\usr\bin;C:\Users\vf\bin;C:\Program Files\Common Files\Oracle\Java\javapath;C:\Program Files (x86)\Common Files\Oracle\Java\javapath;C:\Windows\system32;C:\Windows;C:\Windows\System32\Wbem;C:\Windows\System32\WindowsPowerShell\v1.0;C:\Windows\System32\OpenSSH;C:\Program Files\Git\cmd;C:\Users\vf\AppData\Local\Microsoft\WindowsApps;C:\Program Files (x86)\Java\jdk1.8.0_271\bin;C:\Users\vf\apache-maven-3.6.0\bin;C:\Users\vf\gradle\gradle-6.3\bin;C:\Program Files\Git\usr\bin\vendor_perl;C:\Program Files\Git\usr\bin\core_perl;."/>
    <property name="maven.conf" value="C:/Users/vf/apache-maven-3.6.0/conf"/>
    <property name="jdk.debug" value="release"/>
    <property name="java.class.version" value="55.0"/>
    <property name="java.specification.name" value="Java Platform API Specification"/>
    <property name="sun.management.compiler" value="HotSpot 64-Bit Tiered Compilers"/>
    <property name="os.version" value="10.0"/>
    <property name="library.jansi.path" value="C:/Users/vf/apache-maven-3.6.0/lib/jansi-native"/>
    <property name="user.home" value="C:\Users\vf"/>
    <property name="user.timezone" value="Europe/Berlin"/>
    <property name="java.awt.printerjob" value="sun.awt.windows.WPrinterJob"/>
    <property name="file.encoding" value="Cp1252"/>
    <property name="java.specification.version" value="11"/>
    <property name="user.name" value="vf"/>
    <property name="java.class.path" value="C:/Users/vf/apache-maven-3.6.0/boot/plexus-classworlds-2.5.2.jar"/>
    <property name="java.vm.specification.version" value="11"/>
    <property name="sun.arch.data.model" value="64"/>
    <property name="sun.java.command" value="org.codehaus.plexus.classworlds.launcher.Launcher clean package"/>
    <property name="java.home" value="C:\Program Files\Java\jdk-11.0.10"/>
    <property name="user.language" value="it"/>
    <property name="java.specification.vendor" value="Oracle Corporation"/>
    <property name="awt.toolkit" value="sun.awt.windows.WToolkit"/>
    <property name="java.vm.info" value="mixed mode"/>
    <property name="java.version" value="11.0.10"/>
    <property name="java.vendor" value="Oracle Corporation"/>
    <property name="maven.home" value="C:\Users\vf\apache-maven-3.6.0"/>
    <property name="file.separator" value="\"/>
    <property name="java.version.date" value="2021-01-19"/>
    <property name="java.vendor.url.bug" value="https://bugreport.java.com/bugreport/"/>
    <property name="sun.io.unicode.encoding" value="UnicodeLittle"/>
    <property name="sun.cpu.endian" value="little"/>
    <property name="java.vendor.version" value="18.9"/>
    <property name="sun.desktop" value="windows"/>
    <property name="sun.cpu.isalist" value="amd64"/>
  </properties>
  <testcase classname="it.vinicioflamini.sharedlib.couchdb.test.ektorp.EktorpCrudRepositoryTest" name="testSaveIterableErrorOnBulkOperation" time="0.4"/>
  <testcase classname="it.vinicioflamini.sharedlib.couchdb.test.ektorp.EktorpCrudRepositoryTest" name="testSaveIterableAndFindIterableAndDeleteIterable" time="0.337"/>
  <testcase classname="it.vinicioflamini.sharedlib.couchdb.test.ektorp.EktorpCrudRepositoryTest" name="testCompleteResult" time="0.279"/>
  <testcase classname="it.vinicioflamini.sharedlib.couchdb.test.ektorp.EktorpCrudRepositoryTest" name="testSetReturnValueToId" time="0.279"/>
  <testcase classname="it.vinicioflamini.sharedlib.couchdb.test.ektorp.EktorpCrudRepositoryTest" name="testSaveAndFindOneAndDeletebyEntityAndExists" time="0.36"/>
  <testcase classname="it.vinicioflamini.sharedlib.couchdb.test.ektorp.EktorpCrudRepositoryTest" name="testSaveNewDocumentVsUpdatedDocument" time="0.185"/>
  <testcase classname="it.vinicioflamini.sharedlib.couchdb.test.ektorp.EktorpCrudRepositoryTest" name="testDeleteById" time="0.277"/>
  <testcase classname="it.vinicioflamini.sharedlib.couchdb.test.ektorp.EktorpCrudRepositoryTest" name="testSetReduce" time="0.25"/>
  <testcase classname="it.vinicioflamini.sharedlib.couchdb.test.ektorp.EktorpCrudRepositoryTest" name="testSaveWithAttachAndFindOneAndDeleteAttachmentAndExists" time="1.823"/>
  <testcase classname="it.vinicioflamini.sharedlib.couchdb.test.ektorp.EktorpCrudRepositoryTest" name="testSetKey" time="0.284"/>
  <testcase classname="it.vinicioflamini.sharedlib.couchdb.test.ektorp.EktorpCrudRepositoryTest" name="testSetReturnValueToKey" time="0.265"/>
</testsuite>